0 info it worked if it ends with ok
1 verbose cli [ 'D:\\microsoftvs\\Web\\External\\Node.exe',
1 verbose cli   'D:\\microsoftvs\\Web\\External\\node_modules\\npm\\bin\\npm-cli.js',
1 verbose cli   'install' ]
2 info using npm@3.3.4
3 info using node@v5.4.1
4 silly loadCurrentTree Starting
5 silly install loadCurrentTree
6 silly install readLocalPackageData
7 silly install normalizeTree
8 silly loadCurrentTree Finishing
9 silly loadIdealTree Starting
10 silly install loadIdealTree
11 silly cloneCurrentTree Starting
12 silly install cloneCurrentTreeToIdealTree
13 silly cloneCurrentTree Finishing
14 silly loadShrinkwrap Starting
15 silly install loadShrinkwrap
16 silly loadShrinkwrap Finishing
17 silly loadAllDepsIntoIdealTree Starting
18 silly install loadAllDepsIntoIdealTree
19 silly loadAllDepsIntoIdealTree Finishing
20 silly idealTree:prePrune c:\users\adam\documents\visual studio 2017\Projects\tutorial 6 angular and csharpe\tutorial 6 angular and csharpe
21 silly loadIdealTree Finishing
22 silly currentTree c:\users\adam\documents\visual studio 2017\Projects\tutorial 6 angular and csharpe\tutorial 6 angular and csharpe
23 silly idealTree c:\users\adam\documents\visual studio 2017\Projects\tutorial 6 angular and csharpe\tutorial 6 angular and csharpe
24 silly generateActionsToTake Starting
25 silly install generateActionsToTake
26 verbose stack Error: Invalid name: "tutorial 6 angular and csharpe"
26 verbose stack     at ensureValidName (D:\microsoftvs\Web\External\node_modules\normalize-package-data\lib\fixer.js:331:15)
26 verbose stack     at Object.module.exports.fixNameField (D:\microsoftvs\Web\External\node_modules\normalize-package-data\lib\fixer.js:210:5)
26 verbose stack     at D:\microsoftvs\Web\External\node_modules\normalize-package-data\lib\normalize.js:32:38
26 verbose stack     at Array.forEach (native)
26 verbose stack     at normalize (D:\microsoftvs\Web\External\node_modules\normalize-package-data\lib\normalize.js:31:15)
26 verbose stack     at thenCheckTop (D:\microsoftvs\Web\External\node_modules\npm\lib\install\validate-tree.js:58:3)
26 verbose stack     at Array.<anonymous> (D:\microsoftvs\Web\External\node_modules\slide\lib\bind-actor.js:15:8)
26 verbose stack     at LOOP (D:\microsoftvs\Web\External\node_modules\slide\lib\chain.js:15:14)
26 verbose stack     at D:\microsoftvs\Web\External\node_modules\slide\lib\chain.js:18:7
26 verbose stack     at thenValidateAllPeerDeps (D:\microsoftvs\Web\External\node_modules\npm\lib\install\validate-tree.js:46:3)
27 verbose cwd c:\users\adam\documents\visual studio 2017\Projects\tutorial 6 angular and csharpe\tutorial 6 angular and csharpe
28 error Windows_NT 10.0.14393
29 error argv "D:\\microsoftvs\\Web\\External\\Node.exe" "D:\\microsoftvs\\Web\\External\\node_modules\\npm\\bin\\npm-cli.js" "install"
30 error node v5.4.1
31 error npm  v3.3.4
32 error Invalid name: "tutorial 6 angular and csharpe"
33 error If you need help, you may report this error at:
33 error     <https://github.com/npm/npm/issues>
34 verbose exit [ 1, true ]
